28719 0 hannah
28720 5 hannah
28719 1 hannah
28720 6 hannah
28720 7 hannah
28720 8 hannah
28720 9 hannah
28719 2 hannah
28719 3 hannah
28719 4 hannah
28722 15 hannah
28722 16 hannah
28722 17 hannah
28722 18 hannah
28722 19 hannah
28723 20 hannah
28723 21 hannah
28723 22 hannah
28723 23 hannah
28723 24 hannah
28724 25 hannah
28724 26 hannah
28724 27 hannah
28724 28 hannah
28724 29 hannah
28725 30 hannah
28725 31 hannah
28725 32 hannah
28725 33 hannah
28725 34 hannah
28726 35 hannah
28726 36 hannah
28726 37 hannah
28726 38 hannah
28726 39 hannah
28727 43 12321
28728 45 yay
28728 47 huh
28728 48 a
28729 52 12321
28729 54 yay
28730 56 huh
28730 57 a
28731 61 12321
28731 63 yay
28733 65 huh
28733 66 a
28736 70 12321
28736 72 yay
28736 74 huh
28737 75 a
28737 79 12321
28738 81 yay
28738 83 huh
28738 84 a
28739 88 12321
28740 90 yay
28740 92 huh
28740 93 a
28741 97 12321
28741 99 yay
